[debug] [2023-06-12T05:18:23.488Z] ----------------------------------------------------------------------
[debug] [2023-06-12T05:18:23.495Z] Command:       C:\Program Files\nodejs\node.exe C:\Users\RAZA ko chhora RABBI\AppData\Roaming\npm\node_modules\firebase-tools\lib\bin\firebase.js login
[debug] [2023-06-12T05:18:23.496Z] CLI Version:   12.3.1
[debug] [2023-06-12T05:18:23.498Z] Platform:      win32
[debug] [2023-06-12T05:18:23.498Z] Node Version:  v18.16.0
[debug] [2023-06-12T05:18:23.501Z] Time:          Mon Jun 12 2023 11:03:23 GMT+0545 (Nepal Time)
[debug] [2023-06-12T05:18:23.501Z] ----------------------------------------------------------------------
[debug] 
[info] i  Firebase optionally collects CLI and Emulator Suite usage and error reporting information to help improve our products. Data is collected in accordance with Google's privacy policy (https://policies.google.com/privacy) and is not used to identify you.
 
[info] i  To change your data collection preference at any time, run `firebase logout` and log in again. 
[info] 
[info] Visit this URL on this device to log in:
[info] https://accounts.google.com/o/oauth2/auth?client_id=563584335869-fgrhgmd47bqnekij5i8b5pr03ho849e6.apps.googleusercontent.com&scope=email%20openid%20https%3A%2F%2Fwww.googleapis.com%2Fauth%2Fcloudplatformprojects.readonly%20https%3A%2F%2Fwww.googleapis.com%2Fauth%2Ffirebase%20https%3A%2F%2Fwww.googleapis.com%2Fauth%2Fcloud-platform&response_type=code&state=631578603&redirect_uri=http%3A%2F%2Flocalhost%3A9005
[info] 
[info] Waiting for authentication...
[debug] [2023-06-12T05:18:31.970Z] Error: spawn cmd ENOENT
    at ChildProcess._handle.onexit (node:internal/child_process:283:19)
    at onErrorNT (node:internal/child_process:476:16)
    at process.processTicksAndRejections (node:internal/process/task_queues:82:21)
[error] 
[error] Error: An unexpected error has occurred.
[debug] [2023-06-12T05:25:05.093Z] ----------------------------------------------------------------------
[debug] [2023-06-12T05:25:05.117Z] Command:       C:\Program Files\nodejs\node.exe C:\Users\RAZA ko chhora RABBI\AppData\Roaming\npm\node_modules\firebase-tools\lib\bin\firebase.js login
[debug] [2023-06-12T05:25:05.119Z] CLI Version:   12.3.1
[debug] [2023-06-12T05:25:05.121Z] Platform:      win32
[debug] [2023-06-12T05:25:05.121Z] Node Version:  v18.16.0
[debug] [2023-06-12T05:25:05.219Z] Time:          Mon Jun 12 2023 11:10:05 GMT+0545 (Nepal Time)
[debug] [2023-06-12T05:25:05.219Z] ----------------------------------------------------------------------
[debug] 
[info] i  Firebase optionally collects CLI and Emulator Suite usage and error reporting information to help improve our products. Data is collected in accordance with Google's privacy policy (https://policies.google.com/privacy) and is not used to identify you.
 
[info] i  To change your data collection preference at any time, run `firebase logout` and log in again. 
[info] 
[info] Visit this URL on this device to log in:
[info] https://accounts.google.com/o/oauth2/auth?client_id=563584335869-fgrhgmd47bqnekij5i8b5pr03ho849e6.apps.googleusercontent.com&scope=email%20openid%20https%3A%2F%2Fwww.googleapis.com%2Fauth%2Fcloudplatformprojects.readonly%20https%3A%2F%2Fwww.googleapis.com%2Fauth%2Ffirebase%20https%3A%2F%2Fwww.googleapis.com%2Fauth%2Fcloud-platform&response_type=code&state=718457281&redirect_uri=http%3A%2F%2Flocalhost%3A9005
[info] 
[info] Waiting for authentication...
[debug] [2023-06-12T05:25:10.646Z] Error: spawn cmd ENOENT
    at ChildProcess._handle.onexit (node:internal/child_process:283:19)
    at onErrorNT (node:internal/child_process:476:16)
    at process.processTicksAndRejections (node:internal/process/task_queues:82:21)
[error] 
[error] Error: An unexpected error has occurred.
